<?xml version="1.0" encoding="UTF-8"?>
<!-- Generated by org.testng.reporters.JUnitXMLReporter -->
<testsuite ignored="3" hostname="LAPTOP-J6V7M0GL" failures="0" tests="5" name="Demo Test" time="0.055" errors="0" timestamp="2023-06-22T03:11:36 IST">
  <testcase classname="TestNGPackagae.TestNGDemo2" name="Demo_Demo2" time="0.005"/>
  <testcase classname="TestNGPackagae.TestNGDemo1" name="Demo1" time="0.005"/>
  <testcase classname="TestNGPackagae.TestNGDemo1" name="Demo" time="0.003"/>
  <testcase classname="TestNGPackagae.TestNGDemo3" name="WebLoginCar" time="0.004"/>
  <testcase classname="TestNGPackagae.TestNGDemo3" name="APILoginCar" time="0.001"/>
  <testcase classname="TestNGPackagae.TestNGDemo3" name="MobileBrowseCar" time="0.0">
    <ignored/>
  </testcase> <!-- MobileBrowseCar -->
  <testcase classname="TestNGPackagae.TestNGDemo3" name="MobileLoginCar" time="0.0">
    <ignored/>
  </testcase> <!-- MobileLoginCar -->
  <testcase classname="TestNGPackagae.TestNGDemo3" name="MobileStartCar" time="0.0">
    <ignored/>
  </testcase> <!-- MobileStartCar -->
</testsuite> <!-- Demo Test -->
