<?xml version="1.0" encoding="UTF-8"?>
<!-- Generated by org.testng.reporters.JUnitXMLReporter -->
<testsuite ignored="0" hostname="LAPTOP-J6V7M0GL" failures="0" tests="5" name="Demo Test 1" time="0.068" errors="0" timestamp="2023-06-22T03:11:36 IST">
  <testcase classname="TestNGPackagae.TestNGDemo4" name="APILoginHome" time="0.007"/>
  <testcase classname="TestNGPackagae.TestNGDemo4" name="MobileLoginHome" time="0.004"/>
  <testcase classname="TestNGPackagae.TestNGDemo4" name="WebLoginHome" time="0.003"/>
  <testcase classname="TestNGPackagae.TestNGDemo4" name="WebLoginHome" time="0.001"/>
  <testcase classname="TestNGPackagae.TestNGDemo4" name="WebLoginHome" time="0.001"/>
</testsuite> <!-- Demo Test 1 -->
