<?xml version="1.0" encoding="UTF-8"?>
<!-- Generated by org.testng.reporters.JUnitXMLReporter -->
<testsuite ignored="0" hostname="LAPTOP-J6V7M0GL" failures="0" tests="3" name="Test" time="0.04" errors="0" timestamp="2023-05-07T02:06:18 IST">
  <testcase classname="TestNGPackagae.TestNGDemo1" name="Demo" time="0.006"/>
  <testcase classname="TestNGPackagae.TestNGDemo1" name="Demo1" time="0.0"/>
  <testcase classname="TestNGPackagae.TestNGDemo2" name="Demo_Demo2" time="0.001"/>
</testsuite> <!-- Test -->
